<?xml version="1.0" encoding="UTF-8"?>
<!-- Generated by org.testng.reporters.JUnitReportReporter -->
<testsuite skipped="0" hostname="DESKTOP-5IBKFPL" name="com.generic.BaseClass" tests="1" failures="0" timestamp="11 Jan 2021 08:55:47 GMT" time="9.643" errors="0">
  <testcase name="initializeBrowserSetup" time="9.643" classname="com.generic.BaseClass"/>
</testsuite> <!-- com.generic.BaseClass -->
